#-----------------------------------------------------------
# Vivado v2019.1 (64-bit)
# SW Build 2552052 on Fri May 24 14:49:42 MDT 2019
# IP Build 2548770 on Fri May 24 18:01:18 MDT 2019
# Start of session at: Wed Dec 11 21:06:59 2019
# Process ID: 3904
# Current directory: C:/Users/Walter/Documents/GitHub/DSDII_FINAL/Tcl
# Command line: vivado.exe -mode tcl -source synth.tcl
# Log file: C:/Users/Walter/Documents/GitHub/DSDII_FINAL/Tcl/vivado.log
# Journal file: C:/Users/Walter/Documents/GitHub/DSDII_FINAL/Tcl\vivado.jou
#-----------------------------------------------------------
source synth.tcl
# set sourceInputDir "../Sources"
# set constraintsInputDir "../Constraints"
# set outputDir "./Reports"
# file mkdir $outputDir
# read_verilog {
# 	../Sources/divider.v
# 	../Sources/control.v
# 	../Sources/datapath.v
# 	../Sources/lrShiftSFR.v
# 	../Sources/lShiftSFR.v
# 	../Sources/subSFR.v
# 	../Sources/udCounterSFR.v}
# read_xdc $constraintsInputDir/constraints.xdc
# set_property part xc7a35tcpg236-2L [current_project]
# synth_design -fsm_extraction gray -directive AreaOptimized_high -resource_sharing on -retiming -top divider > $outputDir/synth_out_gray.rpt
Command: synth_design -fsm_extraction gray -directive AreaOptimized_high -resource_sharing on -retiming -top divider
Starting synth_design
Using part: xc7a35tcpg236-2L
Attempting to get a license for feature 'Synthesis' and/or device 'xc7a35t'
INFO: [Common 17-349] Got license for feature 'Synthesis' and/or device 'xc7a35t'
INFO: [Device 21-403] Loading part xc7a35tcpg236-2L
INFO: Launching helper process for spawning children vivado processes
INFO: Helper process launched with PID 16592 
ERROR: [Synth 8-2715] syntax error near end [C:/Users/Walter/Documents/GitHub/DSDII_FINAL/Sources/lrShiftSFR.v:31]
Failed to read verilog 'C:/Users/Walter/Documents/GitHub/DSDII_FINAL/Sources/lrShiftSFR.v'
INFO: [Common 17-83] Releasing license: Synthesis
3 Infos, 0 Warnings, 0 Critical Warnings and 2 Errors encountered.
synth_design failed
ERROR: [Common 17-69] Command failed: Synthesis failed - please see the console or run log file for details
Vivado% exit
INFO: [Common 17-206] Exiting Vivado at Wed Dec 11 21:09:27 2019...
