#! /usr/bin/vvp
:ivl_version "10.1 (stable)";
:ivl_delay_selection "TYPICAL";
:vpi_time_precision + 0;
:vpi_module "system";
:vpi_module "vhdl_sys";
:vpi_module "v2005_math";
:vpi_module "va_math";
S_0x7fffefed5c60 .scope module, "divider_tb" "divider_tb" 2 5;
 .timescale 0 0;
v0x7fffeff12e80_0 .var "a_iv", 31 0;
v0x7fffeff12f40_0 .var "b_iv", 31 0;
v0x7fffeff13000_0 .var "clk", 0 0;
v0x7fffeff130a0_0 .net "done_ov", 0 0, v0x7fffefee9f80_0;  1 drivers
v0x7fffeff13190_0 .net "error_ov", 0 0, v0x7fffefee9600_0;  1 drivers
v0x7fffeff132d0_0 .net "q_ov", 31 0, v0x7fffeff10220_0;  1 drivers
v0x7fffeff13370_0 .net "r_ov", 31 0, v0x7fffeff10a40_0;  1 drivers
v0x7fffeff13430_0 .var "reset_iv", 0 0;
v0x7fffeff134d0_0 .var "start_iv", 0 0;
S_0x7fffefeeee90 .scope module, "dut" "divider" 2 12, 3 13 0, S_0x7fffefed5c60;
 .timescale 0 0;
    .port_info 0 /INPUT 1 "clk"
    .port_info 1 /INPUT 1 "start"
    .port_info 2 /INPUT 1 "reset"
    .port_info 3 /INPUT 32 "divisor"
    .port_info 4 /INPUT 32 "dividend"
    .port_info 5 /OUTPUT 1 "error"
    .port_info 6 /OUTPUT 1 "done"
    .port_info 7 /OUTPUT 32 "quotient"
    .port_info 8 /OUTPUT 32 "remainder"
P_0x7fffefecbea0 .param/l "SIZE" 0 3 14, +C4<00000000000000000000000000100000>;
v0x7fffeff11db0_0 .net "clk", 0 0, v0x7fffeff13000_0;  1 drivers
v0x7fffeff11e70_0 .net "cnt_is_0", 0 0, v0x7fffeff110b0_0;  1 drivers
v0x7fffeff11f30_0 .net "dividend", 31 0, v0x7fffeff12e80_0;  1 drivers
v0x7fffeff12020_0 .net "divisor", 31 0, v0x7fffeff12f40_0;  1 drivers
v0x7fffeff12110_0 .net "divisor_is_0", 0 0, v0x7fffeff11340_0;  1 drivers
v0x7fffeff12250_0 .net "done", 0 0, v0x7fffefee9f80_0;  alias, 1 drivers
v0x7fffeff122f0_0 .net "dvsr_less_than_dvnd", 0 0, v0x7fffeff11410_0;  1 drivers
v0x7fffeff123e0_0 .net "error", 0 0, v0x7fffefee9600_0;  alias, 1 drivers
v0x7fffeff12480_0 .net "init", 0 0, v0x7fffefeebb10_0;  1 drivers
v0x7fffeff125b0_0 .net "left", 0 0, v0x7fffeff0e210_0;  1 drivers
v0x7fffeff126e0_0 .net "quotient", 31 0, v0x7fffeff10220_0;  alias, 1 drivers
v0x7fffeff12780_0 .net "remainder", 31 0, v0x7fffeff10a40_0;  alias, 1 drivers
v0x7fffeff12820_0 .net "reset", 0 0, v0x7fffeff13430_0;  1 drivers
v0x7fffeff12910_0 .net "right", 0 0, v0x7fffeff0e470_0;  1 drivers
v0x7fffeff129b0_0 .net "shifted_divisor_MSB", 0 0, v0x7fffeff11af0_0;  1 drivers
v0x7fffeff12aa0_0 .net "start", 0 0, v0x7fffeff134d0_0;  1 drivers
v0x7fffeff12b40_0 .net "sub", 0 0, v0x7fffeff0e790_0;  1 drivers
S_0x7fffefeef010 .scope module, "C" "control" 3 27, 4 16 0, S_0x7fffefeeee90;
 .timescale 0 0;
    .port_info 0 /INPUT 1 "clk"
    .port_info 1 /INPUT 1 "reset"
    .port_info 2 /INPUT 1 "start"
    .port_info 3 /INPUT 1 "cnt_is_0"
    .port_info 4 /INPUT 1 "divisor_is_0"
    .port_info 5 /INPUT 1 "dvsr_less_than_dvnd"
    .port_info 6 /INPUT 1 "shifted_divisor_MSB"
    .port_info 7 /OUTPUT 1 "error"
    .port_info 8 /OUTPUT 1 "done"
    .port_info 9 /OUTPUT 1 "init"
    .port_info 10 /OUTPUT 1 "left"
    .port_info 11 /OUTPUT 1 "right"
    .port_info 12 /OUTPUT 1 "sub"
P_0x7fffefeef190 .param/l "CHECK_DIVIDE_BY_ZERO" 1 4 30, C4<001>;
P_0x7fffefeef1d0 .param/l "ERROR" 1 4 31, C4<010>;
P_0x7fffefeef210 .param/l "NO_ERROR" 1 4 34, C4<101>;
P_0x7fffefeef250 .param/l "SHIFT_LEFT" 1 4 32, C4<011>;
P_0x7fffefeef290 .param/l "SHIFT_RIGHT" 1 4 33, C4<100>;
P_0x7fffefeef2d0 .param/l "WAIT_FOR_START" 1 4 29, C4<000>;
v0x7fffefeed5d0_0 .net "clk", 0 0, v0x7fffeff13000_0;  alias, 1 drivers
v0x7fffefeedbd0_0 .net "cnt_is_0", 0 0, v0x7fffeff110b0_0;  alias, 1 drivers
v0x7fffefeee030_0 .net "divisor_is_0", 0 0, v0x7fffeff11340_0;  alias, 1 drivers
v0x7fffefee9f80_0 .var "done", 0 0;
v0x7fffefeeaea0_0 .net "dvsr_less_than_dvnd", 0 0, v0x7fffeff11410_0;  alias, 1 drivers
v0x7fffefee9600_0 .var "error", 0 0;
v0x7fffefeebb10_0 .var "init", 0 0;
v0x7fffeff0e210_0 .var "left", 0 0;
v0x7fffeff0e2d0_0 .var "next_state", 2 0;
v0x7fffeff0e3b0_0 .net "reset", 0 0, v0x7fffeff13430_0;  alias, 1 drivers
v0x7fffeff0e470_0 .var "right", 0 0;
v0x7fffeff0e530_0 .net "shifted_divisor_MSB", 0 0, v0x7fffeff11af0_0;  alias, 1 drivers
v0x7fffeff0e5f0_0 .net "start", 0 0, v0x7fffeff134d0_0;  alias, 1 drivers
v0x7fffeff0e6b0_0 .var "state", 2 0;
v0x7fffeff0e790_0 .var "sub", 0 0;
E_0x7fffefebc1d0 .event edge, v0x7fffeff0e6b0_0;
E_0x7fffefebba30/0 .event edge, v0x7fffeff0e6b0_0, v0x7fffeff0e5f0_0, v0x7fffefeee030_0, v0x7fffeff0e530_0;
E_0x7fffefebba30/1 .event edge, v0x7fffefeedbd0_0, v0x7fffefeeaea0_0;
E_0x7fffefebba30 .event/or E_0x7fffefebba30/0, E_0x7fffefebba30/1;
E_0x7fffefed67b0 .event posedge, v0x7fffefeed5d0_0;
S_0x7fffeff0e9f0 .scope module, "D" "datapath" 3 40, 5 13 0, S_0x7fffefeeee90;
 .timescale 0 0;
    .port_info 0 /INPUT 1 "clk"
    .port_info 1 /INPUT 1 "reset"
    .port_info 2 /INPUT 32 "divisor"
    .port_info 3 /INPUT 32 "dividend"
    .port_info 4 /INPUT 1 "init"
    .port_info 5 /INPUT 1 "left"
    .port_info 6 /INPUT 1 "right"
    .port_info 7 /INPUT 1 "sub"
    .port_info 8 /OUTPUT 32 "quotient"
    .port_info 9 /OUTPUT 32 "remainder"
    .port_info 10 /OUTPUT 1 "cnt_is_0"
    .port_info 11 /OUTPUT 1 "divisor_is_0"
    .port_info 12 /OUTPUT 1 "dvsr_less_than_dvnd"
    .port_info 13 /OUTPUT 1 "shifted_divisor_MSB"
P_0x7fffeff0eb90 .param/l "SIZE" 0 5 14, +C4<00000000000000000000000000100000>;
v0x7fffeff10f30_0 .net "clk", 0 0, v0x7fffeff13000_0;  alias, 1 drivers
v0x7fffeff10ff0_0 .net "cnt", 4 0, v0x7fffeff0f0d0_0;  1 drivers
v0x7fffeff110b0_0 .var "cnt_is_0", 0 0;
v0x7fffeff11180_0 .net "dividend", 31 0, v0x7fffeff12e80_0;  alias, 1 drivers
v0x7fffeff11250_0 .net "divisor", 31 0, v0x7fffeff12f40_0;  alias, 1 drivers
v0x7fffeff11340_0 .var "divisor_is_0", 0 0;
v0x7fffeff11410_0 .var "dvsr_less_than_dvnd", 0 0;
v0x7fffeff114e0_0 .net "init", 0 0, v0x7fffefeebb10_0;  alias, 1 drivers
v0x7fffeff11580_0 .net "left", 0 0, v0x7fffeff0e210_0;  alias, 1 drivers
v0x7fffeff116b0_0 .net "quotient", 31 0, v0x7fffeff10220_0;  alias, 1 drivers
v0x7fffeff11780_0 .net "remainder", 31 0, v0x7fffeff10a40_0;  alias, 1 drivers
v0x7fffeff11850_0 .net "reset", 0 0, v0x7fffeff13430_0;  alias, 1 drivers
v0x7fffeff11920_0 .net "right", 0 0, v0x7fffeff0e470_0;  alias, 1 drivers
v0x7fffeff11a50_0 .net "shifted_divisor", 31 0, v0x7fffeff0f970_0;  1 drivers
v0x7fffeff11af0_0 .var "shifted_divisor_MSB", 0 0;
v0x7fffeff11b90_0 .net "sub", 0 0, v0x7fffeff0e790_0;  alias, 1 drivers
E_0x7fffefed6160 .event edge, v0x7fffeff0f970_0, v0x7fffeff10a40_0, v0x7fffeff0f0d0_0;
S_0x7fffeff0ee40 .scope module, "count" "udCounterSFR" 5 55, 6 13 0, S_0x7fffeff0e9f0;
 .timescale 0 0;
    .port_info 0 /INPUT 1 "clk"
    .port_info 1 /INPUT 1 "ld"
    .port_info 2 /INPUT 1 "incr"
    .port_info 3 /INPUT 1 "decr"
    .port_info 4 /OUTPUT 5 "Q"
P_0x7fffeff0f030 .param/l "SIZE" 0 6 14, +C4<00000000000000000000000000000101>;
v0x7fffeff0f0d0_0 .var "Q", 4 0;
v0x7fffeff0f1d0_0 .net "clk", 0 0, v0x7fffeff13000_0;  alias, 1 drivers
v0x7fffeff0f290_0 .net "decr", 0 0, v0x7fffeff0e470_0;  alias, 1 drivers
v0x7fffeff0f390_0 .net "incr", 0 0, v0x7fffeff0e210_0;  alias, 1 drivers
v0x7fffeff0f460_0 .net "ld", 0 0, v0x7fffefeebb10_0;  alias, 1 drivers
S_0x7fffeff0f580 .scope module, "left_right" "lrShiftSFR" 5 30, 7 14 0, S_0x7fffeff0e9f0;
 .timescale 0 0;
    .port_info 0 /INPUT 1 "clk"
    .port_info 1 /INPUT 1 "ld"
    .port_info 2 /INPUT 1 "left"
    .port_info 3 /INPUT 1 "right"
    .port_info 4 /INPUT 32 "D"
    .port_info 5 /OUTPUT 32 "Q"
P_0x7fffeff0f750 .param/l "SIZE" 0 7 15, +C4<00000000000000000000000000100000>;
v0x7fffeff0f890_0 .net "D", 31 0, v0x7fffeff12f40_0;  alias, 1 drivers
v0x7fffeff0f970_0 .var "Q", 31 0;
v0x7fffeff0fa50_0 .net "clk", 0 0, v0x7fffeff13000_0;  alias, 1 drivers
v0x7fffeff0fb70_0 .net "ld", 0 0, v0x7fffefeebb10_0;  alias, 1 drivers
v0x7fffeff0fc60_0 .net "left", 0 0, v0x7fffeff0e210_0;  alias, 1 drivers
v0x7fffeff0fda0_0 .net "right", 0 0, v0x7fffeff0e470_0;  alias, 1 drivers
S_0x7fffeff0ff30 .scope module, "left_shift" "lShiftSFR" 5 47, 8 14 0, S_0x7fffeff0e9f0;
 .timescale 0 0;
    .port_info 0 /INPUT 1 "clk"
    .port_info 1 /INPUT 1 "clr"
    .port_info 2 /INPUT 1 "left"
    .port_info 3 /INPUT 1 "incr"
    .port_info 4 /OUTPUT 32 "Q"
P_0x7fffeff10100 .param/l "SIZE" 0 8 15, +C4<00000000000000000000000000100000>;
v0x7fffeff10220_0 .var "Q", 31 0;
v0x7fffeff10300_0 .net "clk", 0 0, v0x7fffeff13000_0;  alias, 1 drivers
v0x7fffeff103c0_0 .net "clr", 0 0, v0x7fffefeebb10_0;  alias, 1 drivers
v0x7fffeff10460_0 .net "incr", 0 0, v0x7fffeff0e790_0;  alias, 1 drivers
v0x7fffeff10500_0 .net "left", 0 0, v0x7fffeff0e470_0;  alias, 1 drivers
S_0x7fffeff10630 .scope module, "subtract" "subSFR" 5 38, 9 14 0, S_0x7fffeff0e9f0;
 .timescale 0 0;
    .port_info 0 /INPUT 1 "clk"
    .port_info 1 /INPUT 1 "ld"
    .port_info 2 /INPUT 1 "sub"
    .port_info 3 /INPUT 32 "D"
    .port_info 4 /INPUT 32 "S"
    .port_info 5 /OUTPUT 32 "Q"
P_0x7fffeff10800 .param/l "SIZE" 0 9 15, +C4<00000000000000000000000000100000>;
v0x7fffeff10940_0 .net "D", 31 0, v0x7fffeff12e80_0;  alias, 1 drivers
v0x7fffeff10a40_0 .var "Q", 31 0;
v0x7fffeff10b20_0 .net "S", 31 0, v0x7fffeff0f970_0;  alias, 1 drivers
v0x7fffeff10c20_0 .net "clk", 0 0, v0x7fffeff13000_0;  alias, 1 drivers
v0x7fffeff10cc0_0 .net "ld", 0 0, v0x7fffefeebb10_0;  alias, 1 drivers
v0x7fffeff10df0_0 .net "sub", 0 0, v0x7fffeff0e790_0;  alias, 1 drivers
S_0x7fffeff12ce0 .scope begin, "main_testbench" "main_testbench" 2 30, 2 30 0, S_0x7fffefed5c60;
 .timescale 0 0;
    .scope S_0x7fffefeef010;
T_0 ;
    %wait E_0x7fffefed67b0;
    %load/vec4 v0x7fffeff0e3b0_0;
    %cmpi/e 1, 0, 1;
    %jmp/0xz  T_0.0, 4;
    %pushi/vec4 0, 0, 3;
    %assign/vec4 v0x7fffeff0e6b0_0, 0;
    %jmp T_0.1;
T_0.0 ;
    %load/vec4 v0x7fffeff0e2d0_0;
    %assign/vec4 v0x7fffeff0e6b0_0, 0;
T_0.1 ;
    %jmp T_0;
    .thread T_0;
    .scope S_0x7fffefeef010;
T_1 ;
    %wait E_0x7fffefebba30;
    %pushi/vec4 0, 0, 1;
    %store/vec4 v0x7fffefeebb10_0, 0, 1;
    %pushi/vec4 0, 0, 1;
    %store/vec4 v0x7fffeff0e210_0, 0, 1;
    %pushi/vec4 0, 0, 1;
    %store/vec4 v0x7fffeff0e470_0, 0, 1;
    %pushi/vec4 0, 0, 1;
    %store/vec4 v0x7fffeff0e790_0, 0, 1;
    %load/vec4 v0x7fffeff0e6b0_0;
    %dup/vec4;
    %pushi/vec4 0, 0, 3;
    %cmp/x;
    %jmp/1 T_1.0, 4;
    %dup/vec4;
    %pushi/vec4 1, 0, 3;
    %cmp/x;
    %jmp/1 T_1.1, 4;
    %dup/vec4;
    %pushi/vec4 2, 0, 3;
    %cmp/x;
    %jmp/1 T_1.2, 4;
    %dup/vec4;
    %pushi/vec4 3, 0, 3;
    %cmp/x;
    %jmp/1 T_1.3, 4;
    %dup/vec4;
    %pushi/vec4 4, 0, 3;
    %cmp/x;
    %jmp/1 T_1.4, 4;
    %dup/vec4;
    %pushi/vec4 5, 0, 3;
    %cmp/x;
    %jmp/1 T_1.5, 4;
    %pushi/vec4 7, 7, 3;
    %store/vec4 v0x7fffeff0e2d0_0, 0, 3;
    %jmp T_1.7;
T_1.0 ;
    %load/vec4 v0x7fffeff0e5f0_0;
    %cmpi/e 1, 0, 1;
    %jmp/0xz  T_1.8, 4;
    %pushi/vec4 1, 0, 3;
    %store/vec4 v0x7fffeff0e2d0_0, 0, 3;
    %pushi/vec4 1, 0, 1;
    %store/vec4 v0x7fffefeebb10_0, 0, 1;
    %jmp T_1.9;
T_1.8 ;
    %pushi/vec4 0, 0, 3;
    %store/vec4 v0x7fffeff0e2d0_0, 0, 3;
T_1.9 ;
    %jmp T_1.7;
T_1.1 ;
    %load/vec4 v0x7fffefeee030_0;
    %cmpi/e 0, 0, 1;
    %jmp/0xz  T_1.10, 4;
    %pushi/vec4 3, 0, 3;
    %store/vec4 v0x7fffeff0e2d0_0, 0, 3;
    %jmp T_1.11;
T_1.10 ;
    %pushi/vec4 2, 0, 3;
    %store/vec4 v0x7fffeff0e2d0_0, 0, 3;
T_1.11 ;
    %jmp T_1.7;
T_1.2 ;
    %pushi/vec4 0, 0, 3;
    %store/vec4 v0x7fffeff0e2d0_0, 0, 3;
    %jmp T_1.7;
T_1.3 ;
    %load/vec4 v0x7fffeff0e530_0;
    %cmpi/e 1, 0, 1;
    %jmp/0xz  T_1.12, 4;
    %pushi/vec4 4, 0, 3;
    %store/vec4 v0x7fffeff0e2d0_0, 0, 3;
    %jmp T_1.13;
T_1.12 ;
    %pushi/vec4 3, 0, 3;
    %store/vec4 v0x7fffeff0e2d0_0, 0, 3;
    %pushi/vec4 1, 0, 1;
    %store/vec4 v0x7fffeff0e210_0, 0, 1;
T_1.13 ;
    %jmp T_1.7;
T_1.4 ;
    %load/vec4 v0x7fffefeedbd0_0;
    %cmpi/e 1, 0, 1;
    %jmp/0xz  T_1.14, 4;
    %load/vec4 v0x7fffefeeaea0_0;
    %cmpi/e 1, 0, 1;
    %jmp/0xz  T_1.16, 4;
    %pushi/vec4 4, 0, 3;
    %store/vec4 v0x7fffeff0e2d0_0, 0, 3;
    %pushi/vec4 1, 0, 1;
    %store/vec4 v0x7fffeff0e790_0, 0, 1;
    %jmp T_1.17;
T_1.16 ;
    %pushi/vec4 5, 0, 3;
    %store/vec4 v0x7fffeff0e2d0_0, 0, 3;
T_1.17 ;
    %jmp T_1.15;
T_1.14 ;
    %load/vec4 v0x7fffefeeaea0_0;
    %cmpi/e 1, 0, 1;
    %jmp/0xz  T_1.18, 4;
    %pushi/vec4 4, 0, 3;
    %store/vec4 v0x7fffeff0e2d0_0, 0, 3;
    %pushi/vec4 1, 0, 1;
    %store/vec4 v0x7fffeff0e790_0, 0, 1;
    %pushi/vec4 1, 0, 1;
    %store/vec4 v0x7fffeff0e470_0, 0, 1;
    %jmp T_1.19;
T_1.18 ;
    %pushi/vec4 4, 0, 3;
    %store/vec4 v0x7fffeff0e2d0_0, 0, 3;
    %pushi/vec4 1, 0, 1;
    %store/vec4 v0x7fffeff0e470_0, 0, 1;
T_1.19 ;
T_1.15 ;
    %jmp T_1.7;
T_1.5 ;
    %pushi/vec4 0, 0, 3;
    %store/vec4 v0x7fffeff0e2d0_0, 0, 3;
    %jmp T_1.7;
T_1.7 ;
    %pop/vec4 1;
    %jmp T_1;
    .thread T_1, $push;
    .scope S_0x7fffefeef010;
T_2 ;
    %wait E_0x7fffefebc1d0;
    %load/vec4 v0x7fffeff0e6b0_0;
    %cmpi/e 2, 0, 3;
    %flag_mov 8, 4;
    %jmp/0 T_2.0, 8;
    %pushi/vec4 1, 0, 1;
    %jmp/1 T_2.1, 8;
T_2.0 ; End of true expr.
    %pushi/vec4 0, 0, 1;
    %jmp/0 T_2.1, 8;
 ; End of false expr.
    %blend;
T_2.1;
    %store/vec4 v0x7fffefee9600_0, 0, 1;
    %load/vec4 v0x7fffeff0e6b0_0;
    %cmpi/e 5, 0, 3;
    %flag_mov 8, 4;
    %load/vec4 v0x7fffeff0e6b0_0;
    %cmpi/e 2, 0, 3;
    %flag_or 4, 8;
    %flag_mov 8, 4;
    %jmp/0 T_2.2, 8;
    %pushi/vec4 1, 0, 1;
    %jmp/1 T_2.3, 8;
T_2.2 ; End of true expr.
    %pushi/vec4 0, 0, 1;
    %jmp/0 T_2.3, 8;
 ; End of false expr.
    %blend;
T_2.3;
    %store/vec4 v0x7fffefee9f80_0, 0, 1;
    %jmp T_2;
    .thread T_2, $push;
    .scope S_0x7fffeff0f580;
T_3 ;
    %wait E_0x7fffefed67b0;
    %load/vec4 v0x7fffeff0fb70_0;
    %cmpi/e 1, 0, 1;
    %jmp/0xz  T_3.0, 4;
    %load/vec4 v0x7fffeff0f890_0;
    %assign/vec4 v0x7fffeff0f970_0, 0;
    %jmp T_3.1;
T_3.0 ;
    %load/vec4 v0x7fffeff0fc60_0;
    %cmpi/e 1, 0, 1;
    %jmp/0xz  T_3.2, 4;
    %load/vec4 v0x7fffeff0f970_0;
    %parti/s 31, 0, 2;
    %concati/vec4 0, 0, 1;
    %assign/vec4 v0x7fffeff0f970_0, 0;
T_3.2 ;
    %load/vec4 v0x7fffeff0fda0_0;
    %cmpi/e 1, 0, 1;
    %jmp/0xz  T_3.4, 4;
    %pushi/vec4 0, 0, 1;
    %load/vec4 v0x7fffeff0f970_0;
    %parti/s 31, 1, 2;
    %concat/vec4; draw_concat_vec4
    %assign/vec4 v0x7fffeff0f970_0, 0;
T_3.4 ;
T_3.1 ;
    %jmp T_3;
    .thread T_3;
    .scope S_0x7fffeff10630;
T_4 ;
    %wait E_0x7fffefed67b0;
    %load/vec4 v0x7fffeff10cc0_0;
    %cmpi/e 1, 0, 1;
    %jmp/0xz  T_4.0, 4;
    %load/vec4 v0x7fffeff10940_0;
    %assign/vec4 v0x7fffeff10a40_0, 0;
    %jmp T_4.1;
T_4.0 ;
    %load/vec4 v0x7fffeff10df0_0;
    %cmpi/e 1, 0, 1;
    %jmp/0xz  T_4.2, 4;
    %load/vec4 v0x7fffeff10a40_0;
    %load/vec4 v0x7fffeff10b20_0;
    %sub;
    %assign/vec4 v0x7fffeff10a40_0, 0;
    %jmp T_4.3;
T_4.2 ;
    %load/vec4 v0x7fffeff10a40_0;
    %assign/vec4 v0x7fffeff10a40_0, 0;
T_4.3 ;
T_4.1 ;
    %jmp T_4;
    .thread T_4;
    .scope S_0x7fffeff0ff30;
T_5 ;
    %wait E_0x7fffefed67b0;
    %load/vec4 v0x7fffeff103c0_0;
    %cmpi/e 1, 0, 1;
    %jmp/0xz  T_5.0, 4;
    %pushi/vec4 0, 0, 32;
    %store/vec4 v0x7fffeff10220_0, 0, 32;
    %jmp T_5.1;
T_5.0 ;
    %load/vec4 v0x7fffeff10460_0;
    %cmpi/e 1, 0, 1;
    %jmp/0xz  T_5.2, 4;
    %load/vec4 v0x7fffeff10220_0;
    %addi 1, 0, 32;
    %store/vec4 v0x7fffeff10220_0, 0, 32;
T_5.2 ;
    %load/vec4 v0x7fffeff10500_0;
    %cmpi/e 1, 0, 1;
    %jmp/0xz  T_5.4, 4;
    %load/vec4 v0x7fffeff10220_0;
    %parti/s 31, 0, 2;
    %concati/vec4 0, 0, 1;
    %store/vec4 v0x7fffeff10220_0, 0, 32;
T_5.4 ;
T_5.1 ;
    %jmp T_5;
    .thread T_5;
    .scope S_0x7fffeff0ee40;
T_6 ;
    %wait E_0x7fffefed67b0;
    %load/vec4 v0x7fffeff0f460_0;
    %cmpi/e 1, 0, 1;
    %jmp/0xz  T_6.0, 4;
    %pushi/vec4 0, 0, 5;
    %assign/vec4 v0x7fffeff0f0d0_0, 0;
    %jmp T_6.1;
T_6.0 ;
    %load/vec4 v0x7fffeff0f390_0;
    %cmpi/e 1, 0, 1;
    %jmp/0xz  T_6.2, 4;
    %load/vec4 v0x7fffeff0f0d0_0;
    %addi 1, 0, 5;
    %assign/vec4 v0x7fffeff0f0d0_0, 0;
    %jmp T_6.3;
T_6.2 ;
    %load/vec4 v0x7fffeff0f290_0;
    %cmpi/e 1, 0, 1;
    %jmp/0xz  T_6.4, 4;
    %load/vec4 v0x7fffeff0f0d0_0;
    %subi 1, 0, 5;
    %assign/vec4 v0x7fffeff0f0d0_0, 0;
    %jmp T_6.5;
T_6.4 ;
    %load/vec4 v0x7fffeff0f0d0_0;
    %assign/vec4 v0x7fffeff0f0d0_0, 0;
T_6.5 ;
T_6.3 ;
T_6.1 ;
    %jmp T_6;
    .thread T_6;
    .scope S_0x7fffeff0e9f0;
T_7 ;
    %wait E_0x7fffefed6160;
    %load/vec4 v0x7fffeff11a50_0;
    %parti/s 1, 31, 6;
    %assign/vec4 v0x7fffeff11af0_0, 0;
    %load/vec4 v0x7fffeff11a50_0;
    %cmpi/e 32, 0, 32;
    %flag_mov 8, 4;
    %jmp/0 T_7.0, 8;
    %pushi/vec4 1, 0, 1;
    %jmp/1 T_7.1, 8;
T_7.0 ; End of true expr.
    %pushi/vec4 0, 0, 1;
    %jmp/0 T_7.1, 8;
 ; End of false expr.
    %blend;
T_7.1;
    %assign/vec4 v0x7fffeff11340_0, 0;
    %load/vec4 v0x7fffeff11a50_0;
    %load/vec4 v0x7fffeff11780_0;
    %cmp/u;
    %flag_mov 8, 5;
    %jmp/0 T_7.2, 8;
    %pushi/vec4 1, 0, 1;
    %jmp/1 T_7.3, 8;
T_7.2 ; End of true expr.
    %pushi/vec4 0, 0, 1;
    %jmp/0 T_7.3, 8;
 ; End of false expr.
    %blend;
T_7.3;
    %assign/vec4 v0x7fffeff11410_0, 0;
    %load/vec4 v0x7fffeff10ff0_0;
    %cmpi/e 0, 0, 5;
    %flag_mov 8, 4;
    %jmp/0 T_7.4, 8;
    %pushi/vec4 1, 0, 1;
    %jmp/1 T_7.5, 8;
T_7.4 ; End of true expr.
    %pushi/vec4 0, 0, 1;
    %jmp/0 T_7.5, 8;
 ; End of false expr.
    %blend;
T_7.5;
    %assign/vec4 v0x7fffeff110b0_0, 0;
    %jmp T_7;
    .thread T_7, $push;
    .scope S_0x7fffefed5c60;
T_8 ;
    %pushi/vec4 0, 0, 1;
    %store/vec4 v0x7fffeff13000_0, 0, 1;
T_8.0 ;
    %delay 10, 0;
    %load/vec4 v0x7fffeff13000_0;
    %inv;
    %store/vec4 v0x7fffeff13000_0, 0, 1;
    %jmp T_8.0;
    %end;
    .thread T_8;
    .scope S_0x7fffefed5c60;
T_9 ;
    %fork t_1, S_0x7fffeff12ce0;
    %jmp t_0;
    .scope S_0x7fffeff12ce0;
t_1 ;
    %pushi/vec4 1, 0, 1;
    %store/vec4 v0x7fffeff13430_0, 0, 1;
    %wait E_0x7fffefed67b0;
    %delay 1, 0;
    %pushi/vec4 0, 0, 1;
    %store/vec4 v0x7fffeff13430_0, 0, 1;
    %pushi/vec4 45234, 0, 32;
    %store/vec4 v0x7fffeff12e80_0, 0, 32;
    %pushi/vec4 101, 0, 32;
    %store/vec4 v0x7fffeff12f40_0, 0, 32;
    %pushi/vec4 1, 0, 1;
    %store/vec4 v0x7fffeff134d0_0, 0, 1;
    %wait E_0x7fffefed67b0;
    %delay 1, 0;
    %pushi/vec4 0, 0, 1;
    %store/vec4 v0x7fffeff134d0_0, 0, 1;
T_9.0 ;
    %load/vec4 v0x7fffeff130a0_0;
    %pad/u 32;
    %cmpi/e 0, 0, 32;
    %jmp/0xz T_9.1, 4;
    %wait E_0x7fffefed67b0;
    %vpi_call 2 43 "$display", v0x7fffeff132d0_0, v0x7fffeff13370_0 {0 0 0};
    %jmp T_9.0;
T_9.1 ;
    %vpi_call 2 46 "$display", "Quotient", v0x7fffeff132d0_0, " ", "Remainder", v0x7fffeff13370_0 {0 0 0};
    %vpi_call 2 47 "$finish" {0 0 0};
    %end;
    .scope S_0x7fffefed5c60;
t_0 %join;
    %end;
    .thread T_9;
# The file index is used to find the file name in the following table.
:file_names 10;
    "N/A";
    "<interactive>";
    "Simulation/divider_tb.v";
    "Sources/divider.v";
    "Sources/control.v";
    "Sources/datapath.v";
    "Sources/udCounterSFR.v";
    "Sources/lrShiftSFR.v";
    "Sources/lShiftSFR.v";
    "Sources/subSFR.v";
