Command: opt_design -sweep -resynth_area -aggressive_remap -merge_equivalent_drivers -debug_log
Attempting to get a license for feature 'Implementation' and/or device 'xc7a35t'
INFO: [Common 17-349] Got license for feature 'Implementation' and/or device 'xc7a35t'
Running DRC as a precondition to command opt_design

Starting DRC Task
INFO: [DRC 23-27] Running DRC with 2 threads
INFO: [Project 1-461] DRC finished with 0 Errors
INFO: [Project 1-462] Please refer to the DRC report (report_drc) for more information.

Time (s): cpu = 00:00:03 ; elapsed = 00:00:02 . Memory (MB): peak = 897.793 ; gain = 0.000

Starting Logic Optimization Task
INFO: [Timing 38-35] Done setting XDC timing constraints.

Phase 1 Sweep
Phase 1 Sweep | Checksum: c4bf32c1

Time (s): cpu = 00:00:05 ; elapsed = 00:00:06 . Memory (MB): peak = 1363.668 ; gain = 452.281
INFO: [Opt 31-389] Phase Sweep created 0 cells and removed 0 cells

Phase 2 Merging equivalent drivers
INFO: [Opt 31-405] Cells C/Q[31]_i_1__0, C/Q[3]_i_2 cannot be merged because the instance's INIT string mismatch
Phase 2 Merging equivalent drivers | Checksum: c4bf32c1

Time (s): cpu = 00:00:05 ; elapsed = 00:00:06 . Memory (MB): peak = 1363.668 ; gain = 452.281
INFO: [Opt 31-389] Phase Merging equivalent drivers created 0 cells and removed 0 cells

Phase 3 Remap
INFO: [Opt 31-528] Cannot remap pin: D/count/Q[3]_i_1__1/O, Reason: Prevented by SOFT_HLUTNM constraint
INFO: [Opt 31-528] Cannot remap pin: D/count/Q[2]_i_1__1/O, Reason: Prevented by SOFT_HLUTNM constraint
INFO: [Opt 31-528] Cannot remap pin: C/Q[30]_i_2/O, Reason: Prevented by SOFT_HLUTNM constraint
INFO: [Opt 31-528] Cannot remap pin: C/Q[0]_i_1__0/O, Reason: Prevented by SOFT_HLUTNM constraint
INFO: [Opt 31-528] Cannot remap pin: C/Q[31]_i_4__0/O, Reason: Prevented by SOFT_HLUTNM constraint
INFO: [Opt 31-528] Cannot remap pin: C/Q[31]_i_2/O, Reason: Prevented by SOFT_HLUTNM constraint
INFO: [Opt 31-528] Cannot remap pin: C/Q[31]_i_1/O, Reason: Prevented by SOFT_HLUTNM constraint
INFO: [Opt 31-528] Cannot remap pin: C/Q[31]_i_5__0/O, Reason: Prevented by SOFT_HLUTNM constraint
INFO: [Opt 31-528] Cannot remap pin: C/Q[31]_i_2__0/O, Reason: Prevented by SOFT_HLUTNM constraint
Phase 3 Remap | Checksum: c9676da6

Time (s): cpu = 00:00:10 ; elapsed = 00:00:11 . Memory (MB): peak = 1363.668 ; gain = 452.281
INFO: [Opt 31-389] Phase Remap created 7 cells and removed 8 cells

Phase 4 Resynthesis
INFO: [Timing 38-35] Done setting XDC timing constraints.
INFO: [Opt 31-74] Optimized 0 modules.
INFO: [Opt 31-431] constant propagation found 0 starting points
INFO: [Opt 31-677] Could not push inverter D/count/Q[0]_i_1__1 to load D/count/Q_reg[0] because inversion is not supported on the pin D
INFO: [Opt 31-138] Pushed 0 inverter(s) to 0 load pin(s).
Phase 4 Resynthesis | Checksum: 14f83adf4

Time (s): cpu = 00:00:11 ; elapsed = 00:00:22 . Memory (MB): peak = 1406.414 ; gain = 495.027
INFO: [Opt 31-389] Phase Resynthesis created 0 cells and removed 0 cells

Phase 5 Post Processing Netlist
INFO: [Opt 31-677] Could not push inverter D/count/Q[0]_i_1__1 to load D/count/Q_reg[0] because inversion is not supported on the pin D
Phase 5 Post Processing Netlist | Checksum: 14f83adf4

Time (s): cpu = 00:00:11 ; elapsed = 00:00:22 . Memory (MB): peak = 1406.414 ; gain = 495.027
INFO: [Opt 31-389] Phase Post Processing Netlist created 0 cells and removed 0 cells
Opt_design Change Summary
=========================


------------------------------------------------------------------------------------------------------------------------
|  Phase                       |  #Cells created  |  #Cells Removed  |  #Constrained objects preventing optimizations  |
------------------------------------------------------------------------------------------------------------------------
|  Sweep                       |               0  |               0  |                                              0  |
|  Merging equivalent drivers  |               0  |               0  |                                              0  |
|  Remap                       |               7  |               8  |                                              0  |
|  Resynthesis                 |               0  |               0  |                                              0  |
|  Post Processing Netlist     |               0  |               0  |                                              0  |
------------------------------------------------------------------------------------------------------------------------


Ending Logic Optimization Task | Checksum: 11e603eb0

Time (s): cpu = 00:00:11 ; elapsed = 00:00:22 . Memory (MB): peak = 1406.414 ; gain = 495.027

Starting Netlist Obfuscation Task
Netlist sorting complete. Time (s): cpu = 00:00:00 ; elapsed = 00:00:00.001 . Memory (MB): peak = 1406.414 ; gain = 0.000
Ending Netlist Obfuscation Task | Checksum: 11e603eb0

Time (s): cpu = 00:00:00 ; elapsed = 00:00:00.001 . Memory (MB): peak = 1406.414 ; gain = 0.000
INFO: [Common 17-83] Releasing license: Implementation
27 Infos, 0 Warnings, 0 Critical Warnings and 0 Errors encountered.
opt_design completed successfully
opt_design: Time (s): cpu = 00:00:18 ; elapsed = 00:00:29 . Memory (MB): peak = 1406.414 ; gain = 508.621
