Copyright 1986-2019 Xilinx, Inc. All Rights Reserved.
------------------------------------------------------------------------------------
| Tool Version : Vivado v.2019.1 (win64) Build 2552052 Fri May 24 14:49:42 MDT 2019
| Date         : Thu Dec 12 13:01:50 2019
| Host         : Walter_2in1 running 64-bit major release  (build 9200)
| Command      : report_timing -file ../Reports/synth_timing_johnson.rpt
| Design       : divider
| Device       : 7a35t-cpg236
| Speed File   : -2L  PRODUCTION 1.23 2018-06-13
------------------------------------------------------------------------------------

Timing Report

Slack (MET) :             1.405ns  (required time - arrival time)
  Source:                 shifted_divisor_reg[10]/C
                            (rising edge-triggered cell FDRE clocked by system_clk  {rise@0.000ns fall@2.000ns period=4.000ns})
  Destination:            FSM_johnson_state_reg[1]/D
                            (rising edge-triggered cell FDRE clocked by system_clk  {rise@0.000ns fall@2.000ns period=4.000ns})
  Path Group:             system_clk
  Path Type:              Setup (Max at Slow Process Corner)
  Requirement:            4.000ns  (system_clk rise@4.000ns - system_clk rise@0.000ns)
  Data Path Delay:        2.444ns  (logic 0.716ns (29.296%)  route 1.728ns (70.704%))
  Logic Levels:           2  (LUT6=2)
  Clock Path Skew:        -0.145ns (DCD - SCD + CPR)
    Destination Clock Delay (DCD):    1.853ns = ( 5.853 - 4.000 ) 
    Source Clock Delay      (SCD):    2.165ns
    Clock Pessimism Removal (CPR):    0.167ns
  Clock Uncertainty:      0.035ns  ((TSJ^2 + TIJ^2)^1/2 + DJ) / 2 + PE
    Total System Jitter     (TSJ):    0.071ns
    Total Input Jitter      (TIJ):    0.000ns
    Discrete Jitter          (DJ):    0.000ns
    Phase Error              (PE):    0.000ns

    Location             Delay type                Incr(ns)  Path(ns)    Netlist Resource(s)
  -------------------------------------------------------------------    -------------------
                         (clock system_clk rise edge)
                                                      0.000     0.000 r  
                                                      0.000     0.000 r  clk (IN)
                         net (fo=0)                   0.000     0.000    clk
                         IBUF (Prop_ibuf_I_O)         0.855     0.855 r  clk_IBUF_inst/O
                         net (fo=1, unplaced)         0.646     1.500    clk_IBUF
                         BUFG (Prop_bufg_I_O)         0.081     1.581 r  clk_IBUF_BUFG_inst/O
                         net (fo=66, unplaced)        0.584     2.165    clk_IBUF_BUFG
                         FDRE                                         r  shifted_divisor_reg[10]/C
  -------------------------------------------------------------------    -------------------
                         FDRE (Prop_fdre_C_Q)         0.379     2.544 r  shifted_divisor_reg[10]/Q
                         net (fo=2, unplaced)         0.790     3.334    shifted_divisor[10]
                         LUT6 (Prop_lut6_I0_O)        0.232     3.566 f  divider_LUT6/O
                         net (fo=1, unplaced)         0.938     4.504    divider_net_3
                         LUT6 (Prop_lut6_I1_O)        0.105     4.609 r  divider_LUT6_5/O
                         net (fo=1, unplaced)         0.000     4.609    next_state[-1]
                         FDRE                                         r  FSM_johnson_state_reg[1]/D
  -------------------------------------------------------------------    -------------------

                         (clock system_clk rise edge)
                                                      4.000     4.000 r  
                                                      0.000     4.000 r  clk (IN)
                         net (fo=0)                   0.000     4.000    clk
                         IBUF (Prop_ibuf_I_O)         0.724     4.724 r  clk_IBUF_inst/O
                         net (fo=1, unplaced)         0.613     5.337    clk_IBUF
                         BUFG (Prop_bufg_I_O)         0.077     5.414 r  clk_IBUF_BUFG_inst/O
                         net (fo=66, unplaced)        0.439     5.853    clk_IBUF_BUFG
                         FDRE                                         r  FSM_johnson_state_reg[1]/C
                         clock pessimism              0.167     6.020    
                         clock uncertainty           -0.035     5.985    
                         FDRE (Setup_fdre_C_D)        0.029     6.014    FSM_johnson_state_reg[1]
  -------------------------------------------------------------------
                         required time                          6.014    
                         arrival time                          -4.609    
  -------------------------------------------------------------------
                         slack                                  1.405    




