#! /usr/bin/vvp
:ivl_version "10.1 (stable)";
:ivl_delay_selection "TYPICAL";
:vpi_time_precision + 0;
:vpi_module "system";
:vpi_module "vhdl_sys";
:vpi_module "v2005_math";
:vpi_module "va_math";
S_0x1d0d3b0 .scope module, "divider_control_tb" "divider_control_tb" 2 16;
 .timescale 0 0;
L_0x1d474e0 .functor BUFZ 1, v0x1d346e0_0, C4<0>, C4<0>, C4<0>;
L_0x1d475b0 .functor BUFZ 1, v0x1d347a0_0, C4<0>, C4<0>, C4<0>;
L_0x1d47680 .functor BUFZ 1, v0x1d34d80_0, C4<0>, C4<0>, C4<0>;
L_0x1d47720 .functor BUFZ 1, v0x1d35290_0, C4<0>, C4<0>, C4<0>;
v0x1d35820_0 .var "clk", 0 0;
v0x1d358e0_0 .var "cnt_is_0_iv", 0 0;
v0x1d35980_0 .var "divisor_is_0_iv", 0 0;
v0x1d35a50_0 .net "done_ov", 0 0, v0x1d344a0_0;  1 drivers
v0x1d35b20_0 .var "dvsr_less_than_dvnd_iv", 0 0;
v0x1d35c10_0 .net "error_ov", 0 0, v0x1d34620_0;  1 drivers
v0x1d35cb0 .array "fsm_inputs", 0 12, 5 0;
v0x1d35d50 .array "fsm_outputs", 0 12, 5 0;
v0x1d35e10_0 .net "init_ov", 0 0, L_0x1d474e0;  1 drivers
v0x1d35f60_0 .net "left_ov", 0 0, L_0x1d475b0;  1 drivers
v0x1d36020_0 .var "reset_iv", 0 0;
v0x1d360f0_0 .net "right_ov", 0 0, L_0x1d47680;  1 drivers
v0x1d36190_0 .var "shifted_divisor_MSB_iv", 0 0;
v0x1d36250_0 .var "start_iv", 0 0;
v0x1d36320_0 .net "sub_ov", 0 0, L_0x1d47720;  1 drivers
S_0x1d0d040 .scope module, "DUT" "divider" 2 27, 3 13 0, S_0x1d0d3b0;
 .timescale 0 0;
    .port_info 0 /INPUT 1 "clk"
    .port_info 1 /INPUT 1 "start"
    .port_info 2 /INPUT 1 "reset"
    .port_info 3 /INPUT 8 "divisor"
    .port_info 4 /INPUT 8 "dividend"
    .port_info 5 /OUTPUT 1 "error"
    .port_info 6 /OUTPUT 1 "done"
    .port_info 7 /OUTPUT 8 "quotient"
    .port_info 8 /OUTPUT 8 "remainder"
P_0x1caacd0 .param/l "CHECK_DIVIDE_BY_ZERO" 1 3 26, C4<001>;
P_0x1caad10 .param/l "ERROR" 1 3 27, C4<010>;
P_0x1caad50 .param/l "NO_ERROR" 1 3 30, C4<101>;
P_0x1caad90 .param/l "SHIFT_LEFT" 1 3 28, C4<011>;
P_0x1caadd0 .param/l "SHIFT_RIGHT" 1 3 29, C4<100>;
P_0x1caae10 .param/l "SIZE" 0 3 14, +C4<00000000000000000000000000001000>;
P_0x1caae50 .param/l "WAIT_FOR_START" 1 3 25, C4<000>;
L_0x1d470b0 .functor BUFZ 8, v0x1d34b00_0, C4<00000000>, C4<00000000>, C4<00000000>;
L_0x1d47170 .functor BUFZ 8, v0x1d34940_0, C4<00000000>, C4<00000000>, C4<00000000>;
L_0x7f9b4e3a00a8 .functor BUFT 1, C4<1>, C4<0>, C4<0>, C4<0>;
v0x1d06ed0_0 .net/2u *"_s10", 0 0, L_0x7f9b4e3a00a8;  1 drivers
L_0x7f9b4e3a00f0 .functor BUFT 1, C4<0>, C4<0>, C4<0>, C4<0>;
v0x1d33260_0 .net/2u *"_s12", 0 0, L_0x7f9b4e3a00f0;  1 drivers
v0x1d33340_0 .net *"_s16", 0 0, L_0x1d46940;  1 drivers
L_0x7f9b4e3a0138 .functor BUFT 1, C4<1>, C4<0>, C4<0>, C4<0>;
v0x1d33410_0 .net/2u *"_s18", 0 0, L_0x7f9b4e3a0138;  1 drivers
v0x1d334f0_0 .net *"_s2", 31 0, L_0x1d364c0;  1 drivers
L_0x7f9b4e3a0180 .functor BUFT 1, C4<0>, C4<0>, C4<0>, C4<0>;
v0x1d33620_0 .net/2u *"_s20", 0 0, L_0x7f9b4e3a0180;  1 drivers
v0x1d33700_0 .net *"_s24", 31 0, L_0x1d46c00;  1 drivers
L_0x7f9b4e3a01c8 .functor BUFT 1, C4<00000000000000000000000000000>, C4<0>, C4<0>, C4<0>;
v0x1d337e0_0 .net *"_s27", 28 0, L_0x7f9b4e3a01c8;  1 drivers
L_0x7f9b4e3a0210 .functor BUFT 1, C4<00000000000000000000000000000000>, C4<0>, C4<0>, C4<0>;
v0x1d338c0_0 .net/2u *"_s28", 31 0, L_0x7f9b4e3a0210;  1 drivers
v0x1d33a30_0 .net *"_s30", 0 0, L_0x1d46cf0;  1 drivers
L_0x7f9b4e3a0258 .functor BUFT 1, C4<1>, C4<0>, C4<0>, C4<0>;
v0x1d33af0_0 .net/2u *"_s32", 0 0, L_0x7f9b4e3a0258;  1 drivers
L_0x7f9b4e3a02a0 .functor BUFT 1, C4<0>, C4<0>, C4<0>, C4<0>;
v0x1d33bd0_0 .net/2u *"_s34", 0 0, L_0x7f9b4e3a02a0;  1 drivers
L_0x7f9b4e3a0018 .functor BUFT 1, C4<000000000000000000000000>, C4<0>, C4<0>, C4<0>;
v0x1d33cb0_0 .net *"_s5", 23 0, L_0x7f9b4e3a0018;  1 drivers
L_0x7f9b4e3a0060 .functor BUFT 1, C4<00000000000000000000000000000000>, C4<0>, C4<0>, C4<0>;
v0x1d33d90_0 .net/2u *"_s6", 31 0, L_0x7f9b4e3a0060;  1 drivers
v0x1d33e70_0 .net *"_s8", 0 0, L_0x1d465e0;  1 drivers
v0x1d33f30_0 .net "clk", 0 0, v0x1d35820_0;  1 drivers
v0x1d33ff0_0 .var "cnt", 2 0;
RS_0x7f9b4e3f0348 .resolv tri, L_0x1d46f40, v0x1d358e0_0;
v0x1d341a0_0 .net8 "cnt_is_0", 0 0, RS_0x7f9b4e3f0348;  2 drivers
o0x7f9b4e3f0378 .functor BUFZ 8, C4<zzzzzzzz>; HiZ drive
v0x1d34240_0 .net "dividend", 7 0, o0x7f9b4e3f0378;  0 drivers
o0x7f9b4e3f03a8 .functor BUFZ 8, C4<zzzzzzzz>; HiZ drive
v0x1d34300_0 .net "divisor", 7 0, o0x7f9b4e3f03a8;  0 drivers
RS_0x7f9b4e3f03d8 .resolv tri, L_0x1d46750, v0x1d35980_0;
v0x1d343e0_0 .net8 "divisor_is_0", 0 0, RS_0x7f9b4e3f03d8;  2 drivers
v0x1d344a0_0 .var "done", 0 0;
RS_0x7f9b4e3f0438 .resolv tri, L_0x1d46a30, v0x1d35b20_0;
v0x1d34560_0 .net8 "dvsr_less_than_dvnd", 0 0, RS_0x7f9b4e3f0438;  2 drivers
v0x1d34620_0 .var "error", 0 0;
v0x1d346e0_0 .var "init", 0 0;
v0x1d347a0_0 .var "left", 0 0;
v0x1d34860_0 .var "next_state", 2 0;
v0x1d34940_0 .var "q", 7 0;
v0x1d34a20_0 .net "quotient", 7 0, L_0x1d47170;  1 drivers
v0x1d34b00_0 .var "r", 7 0;
v0x1d34be0_0 .net "remainder", 7 0, L_0x1d470b0;  1 drivers
v0x1d34cc0_0 .net "reset", 0 0, v0x1d36020_0;  1 drivers
v0x1d34d80_0 .var "right", 0 0;
v0x1d340b0_0 .var "shifted_divisor", 7 0;
RS_0x7f9b4e3f0678 .resolv tri, L_0x1d363c0, v0x1d36190_0;
v0x1d35030_0 .net8 "shifted_divisor_MSB", 0 0, RS_0x7f9b4e3f0678;  2 drivers
v0x1d350f0_0 .net "start", 0 0, v0x1d36250_0;  1 drivers
v0x1d351b0_0 .var "state", 2 0;
v0x1d35290_0 .var "sub", 0 0;
E_0x1d0bdf0/0 .event edge, v0x1d351b0_0, v0x1d350f0_0, v0x1d343e0_0, v0x1d35030_0;
E_0x1d0bdf0/1 .event edge, v0x1d341a0_0, v0x1d34560_0;
E_0x1d0bdf0 .event/or E_0x1d0bdf0/0, E_0x1d0bdf0/1;
E_0x1d0c800 .event posedge, v0x1d33f30_0;
L_0x1d363c0 .part v0x1d340b0_0, 7, 1;
L_0x1d364c0 .concat [ 8 24 0 0], v0x1d340b0_0, L_0x7f9b4e3a0018;
L_0x1d465e0 .cmp/eq 32, L_0x1d364c0, L_0x7f9b4e3a0060;
L_0x1d46750 .functor MUXZ 1, L_0x7f9b4e3a00f0, L_0x7f9b4e3a00a8, L_0x1d465e0, C4<>;
L_0x1d46940 .cmp/gt 8, v0x1d34b00_0, v0x1d340b0_0;
L_0x1d46a30 .functor MUXZ 1, L_0x7f9b4e3a0180, L_0x7f9b4e3a0138, L_0x1d46940, C4<>;
L_0x1d46c00 .concat [ 3 29 0 0], v0x1d33ff0_0, L_0x7f9b4e3a01c8;
L_0x1d46cf0 .cmp/eq 32, L_0x1d46c00, L_0x7f9b4e3a0210;
L_0x1d46f40 .functor MUXZ 1, L_0x7f9b4e3a02a0, L_0x7f9b4e3a0258, L_0x1d46cf0, C4<>;
S_0x1d35470 .scope begin, "main_testbench" "main_testbench" 2 88, 2 88 0, S_0x1d0d3b0;
 .timescale 0 0;
v0x1d35660_0 .var/i "i", 31 0;
v0x1d35740_0 .var/i "passed", 31 0;
    .scope S_0x1d0d040;
T_0 ;
    %wait E_0x1d0c800;
    %load/vec4 v0x1d346e0_0;
    %load/vec4 v0x1d347a0_0;
    %concat/vec4; draw_concat_vec4
    %load/vec4 v0x1d34d80_0;
    %concat/vec4; draw_concat_vec4
    %or/r;
    %flag_set/vec4 8;
    %jmp/0xz  T_0.0, 8;
    %load/vec4 v0x1d346e0_0;
    %cmpi/e 1, 0, 1;
    %jmp/0xz  T_0.2, 4;
    %load/vec4 v0x1d34300_0;
    %assign/vec4 v0x1d340b0_0, 0;
T_0.2 ;
    %load/vec4 v0x1d347a0_0;
    %cmpi/e 1, 0, 1;
    %jmp/0xz  T_0.4, 4;
    %load/vec4 v0x1d340b0_0;
    %parti/s 7, 0, 2;
    %concati/vec4 0, 0, 1;
    %assign/vec4 v0x1d340b0_0, 0;
T_0.4 ;
    %load/vec4 v0x1d34d80_0;
    %cmpi/e 1, 0, 1;
    %jmp/0xz  T_0.6, 4;
    %pushi/vec4 0, 0, 1;
    %load/vec4 v0x1d340b0_0;
    %parti/s 7, 1, 2;
    %concat/vec4; draw_concat_vec4
    %assign/vec4 v0x1d340b0_0, 0;
T_0.6 ;
    %jmp T_0.1;
T_0.0 ;
    %load/vec4 v0x1d340b0_0;
    %assign/vec4 v0x1d340b0_0, 0;
T_0.1 ;
    %jmp T_0;
    .thread T_0;
    .scope S_0x1d0d040;
T_1 ;
    %wait E_0x1d0c800;
    %load/vec4 v0x1d346e0_0;
    %load/vec4 v0x1d347a0_0;
    %concat/vec4; draw_concat_vec4
    %load/vec4 v0x1d34d80_0;
    %concat/vec4; draw_concat_vec4
    %or/r;
    %flag_set/vec4 8;
    %jmp/0xz  T_1.0, 8;
    %load/vec4 v0x1d346e0_0;
    %cmpi/e 1, 0, 1;
    %jmp/0xz  T_1.2, 4;
    %pushi/vec4 1, 0, 3;
    %assign/vec4 v0x1d33ff0_0, 0;
T_1.2 ;
    %load/vec4 v0x1d347a0_0;
    %cmpi/e 1, 0, 1;
    %jmp/0xz  T_1.4, 4;
    %load/vec4 v0x1d33ff0_0;
    %addi 1, 0, 3;
    %assign/vec4 v0x1d33ff0_0, 0;
T_1.4 ;
    %load/vec4 v0x1d34d80_0;
    %cmpi/e 1, 0, 1;
    %jmp/0xz  T_1.6, 4;
    %load/vec4 v0x1d33ff0_0;
    %subi 1, 0, 3;
    %assign/vec4 v0x1d33ff0_0, 0;
T_1.6 ;
    %jmp T_1.1;
T_1.0 ;
    %load/vec4 v0x1d33ff0_0;
    %assign/vec4 v0x1d33ff0_0, 0;
T_1.1 ;
    %jmp T_1;
    .thread T_1;
    .scope S_0x1d0d040;
T_2 ;
    %wait E_0x1d0c800;
    %load/vec4 v0x1d346e0_0;
    %load/vec4 v0x1d35290_0;
    %concat/vec4; draw_concat_vec4
    %or/r;
    %flag_set/vec4 8;
    %jmp/0xz  T_2.0, 8;
    %load/vec4 v0x1d346e0_0;
    %cmpi/e 1, 0, 1;
    %jmp/0xz  T_2.2, 4;
    %load/vec4 v0x1d34240_0;
    %assign/vec4 v0x1d34b00_0, 0;
T_2.2 ;
    %load/vec4 v0x1d35290_0;
    %cmpi/e 1, 0, 1;
    %jmp/0xz  T_2.4, 4;
    %load/vec4 v0x1d34b00_0;
    %load/vec4 v0x1d340b0_0;
    %sub;
    %assign/vec4 v0x1d34b00_0, 0;
T_2.4 ;
    %jmp T_2.1;
T_2.0 ;
    %load/vec4 v0x1d34b00_0;
    %assign/vec4 v0x1d34b00_0, 0;
T_2.1 ;
    %jmp T_2;
    .thread T_2;
    .scope S_0x1d0d040;
T_3 ;
    %wait E_0x1d0c800;
    %load/vec4 v0x1d346e0_0;
    %cmpi/e 1, 0, 1;
    %jmp/0xz  T_3.0, 4;
    %pushi/vec4 0, 0, 8;
    %assign/vec4 v0x1d34940_0, 0;
    %jmp T_3.1;
T_3.0 ;
    %load/vec4 v0x1d34d80_0;
    %pad/u 32;
    %cmpi/e 1, 0, 32;
    %jmp/0xz  T_3.2, 4;
    %load/vec4 v0x1d34940_0;
    %parti/s 7, 0, 2;
    %load/vec4 v0x1d35290_0;
    %concat/vec4; draw_concat_vec4
    %assign/vec4 v0x1d34940_0, 0;
T_3.2 ;
T_3.1 ;
    %jmp T_3;
    .thread T_3;
    .scope S_0x1d0d040;
T_4 ;
    %wait E_0x1d0c800;
    %load/vec4 v0x1d34cc0_0;
    %cmpi/e 1, 0, 1;
    %jmp/0xz  T_4.0, 4;
    %pushi/vec4 0, 0, 3;
    %assign/vec4 v0x1d351b0_0, 0;
    %jmp T_4.1;
T_4.0 ;
    %load/vec4 v0x1d34860_0;
    %assign/vec4 v0x1d351b0_0, 0;
T_4.1 ;
    %jmp T_4;
    .thread T_4;
    .scope S_0x1d0d040;
T_5 ;
    %wait E_0x1d0bdf0;
    %pushi/vec4 0, 0, 1;
    %store/vec4 v0x1d346e0_0, 0, 1;
    %pushi/vec4 0, 0, 1;
    %store/vec4 v0x1d347a0_0, 0, 1;
    %pushi/vec4 0, 0, 1;
    %store/vec4 v0x1d34d80_0, 0, 1;
    %pushi/vec4 0, 0, 1;
    %store/vec4 v0x1d35290_0, 0, 1;
    %pushi/vec4 0, 0, 1;
    %store/vec4 v0x1d34620_0, 0, 1;
    %pushi/vec4 0, 0, 1;
    %store/vec4 v0x1d344a0_0, 0, 1;
    %load/vec4 v0x1d351b0_0;
    %dup/vec4;
    %pushi/vec4 0, 0, 3;
    %cmp/x;
    %jmp/1 T_5.0, 4;
    %dup/vec4;
    %pushi/vec4 1, 0, 3;
    %cmp/x;
    %jmp/1 T_5.1, 4;
    %dup/vec4;
    %pushi/vec4 2, 0, 3;
    %cmp/x;
    %jmp/1 T_5.2, 4;
    %dup/vec4;
    %pushi/vec4 3, 0, 3;
    %cmp/x;
    %jmp/1 T_5.3, 4;
    %dup/vec4;
    %pushi/vec4 4, 0, 3;
    %cmp/x;
    %jmp/1 T_5.4, 4;
    %dup/vec4;
    %pushi/vec4 5, 0, 3;
    %cmp/x;
    %jmp/1 T_5.5, 4;
    %pushi/vec4 7, 7, 3;
    %store/vec4 v0x1d34860_0, 0, 3;
    %jmp T_5.7;
T_5.0 ;
    %load/vec4 v0x1d350f0_0;
    %cmpi/e 1, 0, 1;
    %jmp/0xz  T_5.8, 4;
    %pushi/vec4 1, 0, 3;
    %store/vec4 v0x1d34860_0, 0, 3;
    %pushi/vec4 1, 0, 1;
    %store/vec4 v0x1d346e0_0, 0, 1;
    %jmp T_5.9;
T_5.8 ;
    %pushi/vec4 0, 0, 3;
    %store/vec4 v0x1d34860_0, 0, 3;
T_5.9 ;
    %jmp T_5.7;
T_5.1 ;
    %load/vec4 v0x1d343e0_0;
    %cmpi/e 0, 0, 1;
    %jmp/0xz  T_5.10, 4;
    %pushi/vec4 3, 0, 3;
    %store/vec4 v0x1d34860_0, 0, 3;
    %jmp T_5.11;
T_5.10 ;
    %pushi/vec4 2, 0, 3;
    %store/vec4 v0x1d34860_0, 0, 3;
T_5.11 ;
    %jmp T_5.7;
T_5.2 ;
    %pushi/vec4 0, 0, 3;
    %store/vec4 v0x1d34860_0, 0, 3;
    %pushi/vec4 1, 0, 1;
    %store/vec4 v0x1d34620_0, 0, 1;
    %pushi/vec4 1, 0, 1;
    %store/vec4 v0x1d344a0_0, 0, 1;
    %jmp T_5.7;
T_5.3 ;
    %load/vec4 v0x1d35030_0;
    %cmpi/e 1, 0, 1;
    %jmp/0xz  T_5.12, 4;
    %pushi/vec4 4, 0, 3;
    %store/vec4 v0x1d34860_0, 0, 3;
    %jmp T_5.13;
T_5.12 ;
    %pushi/vec4 3, 0, 3;
    %store/vec4 v0x1d34860_0, 0, 3;
    %pushi/vec4 1, 0, 1;
    %store/vec4 v0x1d347a0_0, 0, 1;
T_5.13 ;
    %jmp T_5.7;
T_5.4 ;
    %load/vec4 v0x1d341a0_0;
    %cmpi/e 1, 0, 1;
    %jmp/0xz  T_5.14, 4;
    %pushi/vec4 5, 0, 3;
    %store/vec4 v0x1d34860_0, 0, 3;
    %jmp T_5.15;
T_5.14 ;
    %load/vec4 v0x1d34560_0;
    %cmpi/e 1, 0, 1;
    %jmp/0xz  T_5.16, 4;
    %pushi/vec4 4, 0, 3;
    %store/vec4 v0x1d34860_0, 0, 3;
    %pushi/vec4 1, 0, 1;
    %store/vec4 v0x1d35290_0, 0, 1;
    %pushi/vec4 1, 0, 1;
    %store/vec4 v0x1d34d80_0, 0, 1;
    %jmp T_5.17;
T_5.16 ;
    %pushi/vec4 4, 0, 3;
    %store/vec4 v0x1d34860_0, 0, 3;
    %pushi/vec4 1, 0, 1;
    %store/vec4 v0x1d34d80_0, 0, 1;
T_5.17 ;
T_5.15 ;
    %jmp T_5.7;
T_5.5 ;
    %pushi/vec4 0, 0, 3;
    %store/vec4 v0x1d34860_0, 0, 3;
    %pushi/vec4 1, 0, 1;
    %store/vec4 v0x1d344a0_0, 0, 1;
    %jmp T_5.7;
T_5.7 ;
    %pop/vec4 1;
    %jmp T_5;
    .thread T_5, $push;
    .scope S_0x1d0d3b0;
T_6 ;
    %pushi/vec4 0, 0, 1;
    %store/vec4 v0x1d35820_0, 0, 1;
T_6.0 ;
    %delay 10, 0;
    %load/vec4 v0x1d35820_0;
    %inv;
    %store/vec4 v0x1d35820_0, 0, 1;
    %jmp T_6.0;
    %end;
    .thread T_6;
    .scope S_0x1d0d3b0;
T_7 ;
    %pushi/vec4 32, 0, 6;
    %ix/load 4, 0, 0;
    %flag_set/imm 4, 0;
    %store/vec4a v0x1d35cb0, 4, 0;
    %pushi/vec4 0, 0, 6;
    %ix/load 4, 0, 0;
    %flag_set/imm 4, 0;
    %store/vec4a v0x1d35d50, 4, 0;
    %pushi/vec4 10, 0, 6;
    %ix/load 4, 1, 0;
    %flag_set/imm 4, 0;
    %store/vec4a v0x1d35cb0, 4, 0;
    %pushi/vec4 0, 0, 6;
    %ix/load 4, 1, 0;
    %flag_set/imm 4, 0;
    %store/vec4a v0x1d35d50, 4, 0;
    %pushi/vec4 27, 0, 6;
    %ix/load 4, 2, 0;
    %flag_set/imm 4, 0;
    %store/vec4a v0x1d35cb0, 4, 0;
    %pushi/vec4 0, 0, 6;
    %ix/load 4, 2, 0;
    %flag_set/imm 4, 0;
    %store/vec4a v0x1d35d50, 4, 0;
    %pushi/vec4 15, 0, 6;
    %ix/load 4, 3, 0;
    %flag_set/imm 4, 0;
    %store/vec4a v0x1d35cb0, 4, 0;
    %pushi/vec4 48, 0, 6;
    %ix/load 4, 3, 0;
    %flag_set/imm 4, 0;
    %store/vec4a v0x1d35d50, 4, 0;
    %pushi/vec4 2, 0, 6;
    %ix/load 4, 4, 0;
    %flag_set/imm 4, 0;
    %store/vec4a v0x1d35cb0, 4, 0;
    %pushi/vec4 0, 0, 6;
    %ix/load 4, 4, 0;
    %flag_set/imm 4, 0;
    %store/vec4a v0x1d35d50, 4, 0;
    %pushi/vec4 21, 0, 6;
    %ix/load 4, 5, 0;
    %flag_set/imm 4, 0;
    %store/vec4a v0x1d35cb0, 4, 0;
    %pushi/vec4 0, 0, 6;
    %ix/load 4, 5, 0;
    %flag_set/imm 4, 0;
    %store/vec4a v0x1d35d50, 4, 0;
    %pushi/vec4 17, 0, 6;
    %ix/load 4, 6, 0;
    %flag_set/imm 4, 0;
    %store/vec4a v0x1d35cb0, 4, 0;
    %pushi/vec4 0, 0, 6;
    %ix/load 4, 6, 0;
    %flag_set/imm 4, 0;
    %store/vec4a v0x1d35d50, 4, 0;
    %pushi/vec4 20, 0, 6;
    %ix/load 4, 7, 0;
    %flag_set/imm 4, 0;
    %store/vec4a v0x1d35cb0, 4, 0;
    %pushi/vec4 4, 0, 6;
    %ix/load 4, 7, 0;
    %flag_set/imm 4, 0;
    %store/vec4a v0x1d35d50, 4, 0;
    %pushi/vec4 15, 0, 6;
    %ix/load 4, 8, 0;
    %flag_set/imm 4, 0;
    %store/vec4a v0x1d35cb0, 4, 0;
    %pushi/vec4 0, 0, 6;
    %ix/load 4, 8, 0;
    %flag_set/imm 4, 0;
    %store/vec4a v0x1d35d50, 4, 0;
    %pushi/vec4 21, 0, 6;
    %ix/load 4, 9, 0;
    %flag_set/imm 4, 0;
    %store/vec4a v0x1d35cb0, 4, 0;
    %pushi/vec4 2, 0, 6;
    %ix/load 4, 9, 0;
    %flag_set/imm 4, 0;
    %store/vec4a v0x1d35d50, 4, 0;
    %pushi/vec4 7, 0, 6;
    %ix/load 4, 10, 0;
    %flag_set/imm 4, 0;
    %store/vec4a v0x1d35cb0, 4, 0;
    %pushi/vec4 3, 0, 6;
    %ix/load 4, 10, 0;
    %flag_set/imm 4, 0;
    %store/vec4a v0x1d35d50, 4, 0;
    %pushi/vec4 11, 0, 6;
    %ix/load 4, 11, 0;
    %flag_set/imm 4, 0;
    %store/vec4a v0x1d35cb0, 4, 0;
    %pushi/vec4 16, 0, 6;
    %ix/load 4, 11, 0;
    %flag_set/imm 4, 0;
    %store/vec4a v0x1d35d50, 4, 0;
    %pushi/vec4 2, 0, 6;
    %ix/load 4, 12, 0;
    %flag_set/imm 4, 0;
    %store/vec4a v0x1d35cb0, 4, 0;
    %pushi/vec4 0, 0, 6;
    %ix/load 4, 12, 0;
    %flag_set/imm 4, 0;
    %store/vec4a v0x1d35d50, 4, 0;
    %end;
    .thread T_7;
    .scope S_0x1d0d3b0;
T_8 ;
    %fork t_1, S_0x1d35470;
    %jmp t_0;
    .scope S_0x1d35470;
t_1 ;
    %pushi/vec4 0, 0, 32;
    %store/vec4 v0x1d35660_0, 0, 32;
    %pushi/vec4 1, 0, 32;
    %store/vec4 v0x1d35740_0, 0, 32;
    %vpi_call 2 95 "$display", "reset start cnt=0 div=0 divisor<dividend div[MSB] | error done init left right sub (expected output)" {0 0 0};
    %pushi/vec4 13, 0, 32;
T_8.0 %dup/vec4;
    %pushi/vec4 0, 0, 32;
    %cmp/s;
    %jmp/1xz T_8.1, 5;
    %jmp/1 T_8.1, 4;
    %pushi/vec4 1, 0, 32;
    %sub;
    %ix/getv/s 4, v0x1d35660_0;
    %load/vec4a v0x1d35cb0, 4;
    %parti/s 1, 5, 4;
    %store/vec4 v0x1d36020_0, 0, 1;
    %ix/getv/s 4, v0x1d35660_0;
    %load/vec4a v0x1d35cb0, 4;
    %parti/s 1, 4, 4;
    %store/vec4 v0x1d36250_0, 0, 1;
    %ix/getv/s 4, v0x1d35660_0;
    %load/vec4a v0x1d35cb0, 4;
    %parti/s 1, 3, 3;
    %force/vec4 v0x1d358e0_0;
    %ix/getv/s 4, v0x1d35660_0;
    %load/vec4a v0x1d35cb0, 4;
    %parti/s 1, 2, 3;
    %force/vec4 v0x1d35980_0;
    %ix/getv/s 4, v0x1d35660_0;
    %load/vec4a v0x1d35cb0, 4;
    %parti/s 1, 1, 2;
    %force/vec4 v0x1d35b20_0;
    %ix/getv/s 4, v0x1d35660_0;
    %load/vec4a v0x1d35cb0, 4;
    %parti/s 1, 0, 2;
    %force/vec4 v0x1d36190_0;
    %wait E_0x1d0c800;
    %delay 1, 0;
    %vpi_call 2 108 "$display", "%5b %5b %5b %5b %16b %8b | %5b %4b %4b %4b %5b %3b (%b)", v0x1d36020_0, v0x1d36250_0, v0x1d358e0_0, v0x1d35980_0, v0x1d35b20_0, v0x1d36190_0, v0x1d35c10_0, v0x1d35a50_0, v0x1d35e10_0, v0x1d35f60_0, v0x1d360f0_0, v0x1d36320_0, &A<v0x1d35d50, v0x1d35660_0 > {0 0 0};
    %load/vec4 v0x1d35660_0;
    %addi 1, 0, 32;
    %store/vec4 v0x1d35660_0, 0, 32;
    %jmp T_8.0;
T_8.1 ;
    %pop/vec4 1;
    %load/vec4 v0x1d35740_0;
    %cmpi/e 1, 0, 32;
    %jmp/0xz  T_8.2, 4;
    %vpi_call 2 119 "$display", "Pass" {0 0 0};
T_8.2 ;
    %vpi_call 2 120 "$finish" {0 0 0};
    %end;
    .scope S_0x1d0d3b0;
t_0 %join;
    %end;
    .thread T_8;
# The file index is used to find the file name in the following table.
:file_names 4;
    "N/A";
    "<interactive>";
    "divider_control_tb.v";
    "../Sources/divider.v";
